2018-07-02 12:19:37,740  WARN VspConfigConsistencyCheckerImpl:243 found qsim.usePersonIdForMissingVehicleId==true; this is only for backwards compatibility and should rather be set to false
2018-07-02 12:20:53,045  WARN QueueWithBuffer:415 storage capacity not sufficient for holes; increasing from 0.4195732119767673 to 0.5034878543721207
2018-07-02 12:20:53,047  WARN QueueWithBuffer:415 storage capacity not sufficient for holes; increasing from 2.6132408716649707 to 3.3449483157311617
2018-07-02 12:20:53,047  WARN QueueWithBuffer:415 storage capacity not sufficient for holes; increasing from 0.227082022264299 to 0.2724984267171588
2018-07-02 12:20:53,048  WARN QueueWithBuffer:415 storage capacity not sufficient for holes; increasing from 1.094786659329574 to 1.313743991195489
2018-07-02 12:20:53,048  WARN QueueWithBuffer:415 storage capacity not sufficient for holes; increasing from 1.094786659329574 to 1.313743991195489
2018-07-02 12:20:53,048  WARN QueueWithBuffer:415 storage capacity not sufficient for holes; increasing from 0.5723046879066777 to 0.7325500005205474
2018-07-02 12:20:53,048  WARN QueueWithBuffer:415 storage capacity not sufficient for holes; increasing from 0.28615234395333883 to 0.3662750002602737
2018-07-02 12:20:53,048  WARN QueueWithBuffer:415 storage capacity not sufficient for holes; increasing from 4.685017504899738 to 5.622021005879686
2018-07-02 12:20:53,049  WARN QueueWithBuffer:415 storage capacity not sufficient for holes; increasing from 5.094677880066653 to 6.1136134560799835
2018-07-02 12:20:53,049  WARN QueueWithBuffer:415 storage capacity not sufficient for holes; increasing from 12.390587674000946 to 13.939411133251062
2018-07-02 12:20:53,049  WARN QueueWithBuffer:415 storage capacity not sufficient for holes; increasing from 4.655219536928892 to 5.58626344431467
2018-07-02 12:20:53,066  WARN QueueWithBuffer:330 max flow from fdiag < requested flow cap; linkId=108418; req flow cap/h=1600.0; max flow from fdiag/h=1250.0
2018-07-02 12:20:53,073  WARN QueueWithBuffer:330 max flow from fdiag < requested flow cap; linkId=113520; req flow cap/h=2000.0; max flow from fdiag/h=1777.7777777777776
2018-07-02 12:20:53,074  WARN QueueWithBuffer:330 max flow from fdiag < requested flow cap; linkId=113536; req flow cap/h=2000.0; max flow from fdiag/h=1777.7777777777776
2018-07-02 12:20:53,074  WARN QueueWithBuffer:330 max flow from fdiag < requested flow cap; linkId=113539; req flow cap/h=2000.0; max flow from fdiag/h=1777.7777777777776
2018-07-02 12:20:53,078  WARN QueueWithBuffer:330 max flow from fdiag < requested flow cap; linkId=116465; req flow cap/h=1200.0000000000002; max flow from fdiag/h=1001.8288438898858
2018-07-02 12:20:53,078  WARN QueueWithBuffer:330 max flow from fdiag < requested flow cap; linkId=116487; req flow cap/h=1200.0000000000002; max flow from fdiag/h=1049.0249713384628
2018-07-02 12:20:53,080  WARN QueueWithBuffer:330 max flow from fdiag < requested flow cap; linkId=117494; req flow cap/h=1200.0000000000002; max flow from fdiag/h=1000.0
2018-07-02 12:20:53,084  WARN QueueWithBuffer:330 max flow from fdiag < requested flow cap; linkId=120965; req flow cap/h=2000.0; max flow from fdiag/h=1684.2105263157896
2018-07-02 12:20:53,102  WARN QueueWithBuffer:330 max flow from fdiag < requested flow cap; linkId=137692; req flow cap/h=2000.0; max flow from fdiag/h=1684.2105263157896
2018-07-02 12:20:53,103  WARN QueueWithBuffer:330 max flow from fdiag < requested flow cap; linkId=1383; req flow cap/h=2000.0; max flow from fdiag/h=1684.2105263157896
2018-07-02 12:20:53,103  WARN QueueWithBuffer:334  Future occurences of this logging statement are suppressed.
2018-07-02 12:20:55,866  WARN QVehicle:75 No VehicleCapacity (= maximum number of passengers) set in Vehicle. Using default value of 4.  This is only a problem if you need vehicles with different capacities, e.g. for minibuses.
2018-07-02 12:20:55,867  WARN QVehicle:75 No VehicleCapacity (= maximum number of passengers) set in Vehicle. Using default value of 4.  This is only a problem if you need vehicles with different capacities, e.g. for minibuses.
2018-07-02 12:20:55,867  WARN QVehicle:75 No VehicleCapacity (= maximum number of passengers) set in Vehicle. Using default value of 4.  This is only a problem if you need vehicles with different capacities, e.g. for minibuses.
2018-07-02 12:20:55,867  WARN QVehicle:75 No VehicleCapacity (= maximum number of passengers) set in Vehicle. Using default value of 4.  This is only a problem if you need vehicles with different capacities, e.g. for minibuses.
2018-07-02 12:20:55,867  WARN QVehicle:75 No VehicleCapacity (= maximum number of passengers) set in Vehicle. Using default value of 4.  This is only a problem if you need vehicles with different capacities, e.g. for minibuses.
2018-07-02 12:20:55,867  WARN QVehicle:75 No VehicleCapacity (= maximum number of passengers) set in Vehicle. Using default value of 4.  This is only a problem if you need vehicles with different capacities, e.g. for minibuses.
2018-07-02 12:20:55,867  WARN QVehicle:75 No VehicleCapacity (= maximum number of passengers) set in Vehicle. Using default value of 4.  This is only a problem if you need vehicles with different capacities, e.g. for minibuses.
2018-07-02 12:20:55,867  WARN QVehicle:75 No VehicleCapacity (= maximum number of passengers) set in Vehicle. Using default value of 4.  This is only a problem if you need vehicles with different capacities, e.g. for minibuses.
2018-07-02 12:20:55,867  WARN QVehicle:75 No VehicleCapacity (= maximum number of passengers) set in Vehicle. Using default value of 4.  This is only a problem if you need vehicles with different capacities, e.g. for minibuses.
2018-07-02 12:20:55,868  WARN QVehicle:75 No VehicleCapacity (= maximum number of passengers) set in Vehicle. Using default value of 4.  This is only a problem if you need vehicles with different capacities, e.g. for minibuses.
2018-07-02 12:20:55,868  WARN QVehicle:80  Future occurences of this logging statement are suppressed.
2018-07-02 12:32:53,125  WARN CharyparNagelActivityScoring:252 The first and the last activity do not have the same type. 
2018-07-02 12:32:53,125  WARN CharyparNagelActivityScoring:253 Will score the first activity from midnight to its end, and the last activity from its start to midnight.
2018-07-02 12:32:53,126  WARN CharyparNagelActivityScoring:254 Because of the nonlinear function, this is not the same as scoring from start to end.
2018-07-02 12:32:53,126  WARN CharyparNagelActivityScoring:255 first activity: [type=home_61800.0][coord=null][linkId=45690][startTime=undefined][endTime=17:02:19][duration=undefined][facilityId=null]
2018-07-02 12:32:53,126  WARN CharyparNagelActivityScoring:256 last activity: [type=work_3600.0][coord=null][linkId=26542][startTime=35:11:02][endTime=undefined][duration=undefined][facilityId=null]
2018-07-02 12:32:53,126  WARN CharyparNagelActivityScoring:257 This may also happen when plans are not completed when the simulation ends.
2018-07-02 12:32:53,126  WARN CharyparNagelActivityScoring:259 Additional warnings of this type are suppressed.
