2018-09-04 11:46:57,053  WARN LinkImpl:138 permlanes=0.5 of link id 100231 may cause problems
2018-09-04 11:46:57,054  WARN LinkImpl:140  Future occurences of this logging statement are suppressed.
2018-09-04 11:46:58,611  WARN LinkImpl:147 length=0.0 of link id pt_0 may cause problems
2018-09-04 11:46:58,611  WARN LinkImpl:149  Future occurences of this logging statement are suppressed.
2018-09-04 11:46:58,611  WARN LinkImpl:107 fromNode=toNode=[id=pt_060200005030][coord=[x=4584393.176069965][y=5847575.460523916]][type=null][nof_inlinks=0][nof_outlinks=0]: link is a loop
2018-09-04 11:46:58,611  WARN LinkImpl:109  Future occurences of this logging statement are suppressed.
2018-09-04 11:46:58,612  WARN NodeImpl:87 [id=pt_060200005030][coord=[x=4584393.176069965][y=5847575.460523916]][type=null][nof_inlinks=0][nof_outlinks=1]: inlink_id=pt_0 is now in- and out-link
2018-09-04 11:46:58,612  WARN NodeImpl:88  This message given only once.
2018-09-04 11:46:59,028  WARN PopulationReaderMatsimV6:207 coordinate transformation defined both in config and in input file: setting from input file will be used
2018-09-04 11:47:31,137  WARN VspConfigConsistencyCheckerImpl:243 found qsim.usePersonIdForMissingVehicleId==true; this is only for backwards compatibility and should rather be set to false
2018-09-04 11:47:39,543  WARN QueueWithBuffer:414 storage capacity not sufficient for holes; increasing from 0.06293598179651509 to 0.07552317815581808
2018-09-04 11:47:39,545  WARN QueueWithBuffer:414 storage capacity not sufficient for holes; increasing from 0.39198613074974553 to 0.5017422473596742
2018-09-04 11:47:39,546  WARN QueueWithBuffer:414 storage capacity not sufficient for holes; increasing from 0.03406230333964485 to 0.04087476400757381
2018-09-04 11:47:39,546  WARN QueueWithBuffer:414 storage capacity not sufficient for holes; increasing from 0.1642179988994361 to 0.1970615986793233
2018-09-04 11:47:39,546  WARN QueueWithBuffer:414 storage capacity not sufficient for holes; increasing from 0.1642179988994361 to 0.1970615986793233
2018-09-04 11:47:39,546  WARN QueueWithBuffer:414 storage capacity not sufficient for holes; increasing from 0.08584570318600164 to 0.10988250007808206
2018-09-04 11:47:39,547  WARN QueueWithBuffer:414 storage capacity not sufficient for holes; increasing from 0.04292285159300082 to 0.05494125003904103
2018-09-04 11:47:39,547  WARN QueueWithBuffer:414 storage capacity not sufficient for holes; increasing from 0.7027526257349607 to 0.8433031508819528
2018-09-04 11:47:39,547  WARN QueueWithBuffer:414 storage capacity not sufficient for holes; increasing from 0.7642016820099979 to 0.9170420184119974
2018-09-04 11:47:39,547  WARN QueueWithBuffer:414 storage capacity not sufficient for holes; increasing from 1.8585881511001416 to 2.0909116699876593
2018-09-04 11:47:39,547  WARN QueueWithBuffer:414 storage capacity not sufficient for holes; increasing from 0.6982829305393338 to 0.8379395166472005
2018-09-04 11:47:40,072  WARN QVehicle:75 No VehicleCapacity (= maximum number of passengers) set in Vehicle. Using default value of 4.  This is only a problem if you need vehicles with different capacities, e.g. for minibuses.
2018-09-04 11:47:40,072  WARN QVehicle:75 No VehicleCapacity (= maximum number of passengers) set in Vehicle. Using default value of 4.  This is only a problem if you need vehicles with different capacities, e.g. for minibuses.
2018-09-04 11:47:40,073  WARN QVehicle:75 No VehicleCapacity (= maximum number of passengers) set in Vehicle. Using default value of 4.  This is only a problem if you need vehicles with different capacities, e.g. for minibuses.
2018-09-04 11:47:40,073  WARN QVehicle:75 No VehicleCapacity (= maximum number of passengers) set in Vehicle. Using default value of 4.  This is only a problem if you need vehicles with different capacities, e.g. for minibuses.
2018-09-04 11:47:40,073  WARN QVehicle:75 No VehicleCapacity (= maximum number of passengers) set in Vehicle. Using default value of 4.  This is only a problem if you need vehicles with different capacities, e.g. for minibuses.
2018-09-04 11:47:40,073  WARN QVehicle:75 No VehicleCapacity (= maximum number of passengers) set in Vehicle. Using default value of 4.  This is only a problem if you need vehicles with different capacities, e.g. for minibuses.
2018-09-04 11:47:40,073  WARN QVehicle:75 No VehicleCapacity (= maximum number of passengers) set in Vehicle. Using default value of 4.  This is only a problem if you need vehicles with different capacities, e.g. for minibuses.
2018-09-04 11:47:40,073  WARN QVehicle:75 No VehicleCapacity (= maximum number of passengers) set in Vehicle. Using default value of 4.  This is only a problem if you need vehicles with different capacities, e.g. for minibuses.
2018-09-04 11:47:40,073  WARN QVehicle:75 No VehicleCapacity (= maximum number of passengers) set in Vehicle. Using default value of 4.  This is only a problem if you need vehicles with different capacities, e.g. for minibuses.
2018-09-04 11:47:40,073  WARN QVehicle:75 No VehicleCapacity (= maximum number of passengers) set in Vehicle. Using default value of 4.  This is only a problem if you need vehicles with different capacities, e.g. for minibuses.
2018-09-04 11:47:40,073  WARN QVehicle:80  Future occurences of this logging statement are suppressed.
